<?xml version="1.0" encoding="UTF-8"?>
<!-- Generated by org.testng.reporters.JUnitReportReporter -->
<testsuite hostname="Soumyas-MacBook-Air.local" failures="0" tests="1" name="testcases.VerifyOfferOnLogin" time="87.669" errors="0" timestamp="2020-12-15T20:44:34 EST" skipped="0">
  <testcase classname="testcases.VerifyOfferOnLogin" name="verifyOfferOnLogin" time="87.669"/>
  <system-out/>
</testsuite> <!-- testcases.VerifyOfferOnLogin -->
