<?xml version="1.0" encoding="UTF-8"?>
<!-- Generated by org.testng.reporters.JUnitReportReporter -->
<testsuite hostname="Soumyas-MacBook-Air.local" failures="0" tests="1" name="testcases.VerifyOfferOnLogin" time="11.808" errors="0" timestamp="2020-12-15T20:35:43 EST" skipped="0">
  <testcase classname="testcases.VerifyOfferOnLogin" name="verifyOfferOnLogin" time="11.808"/>
  <system-out/>
</testsuite> <!-- testcases.VerifyOfferOnLogin -->
