<?xml version="1.0" encoding="UTF-8"?>
<!-- Generated by org.testng.reporters.JUnitReportReporter -->
<testsuite hostname="Soumyas-MacBook-Air.local" failures="0" tests="1" name="testcases.CredifyTestCase" time="37.078" errors="0" timestamp="2020-12-15T13:22:30 EST" skipped="0">
  <testcase classname="testcases.CredifyTestCase" name="verifyOfferOnLogin" time="37.078"/>
  <system-out/>
</testsuite> <!-- testcases.CredifyTestCase -->
