<?xml version="1.0" encoding="UTF-8"?>
<!-- Generated by org.testng.reporters.JUnitReportReporter -->
<testsuite hostname="Soumyas-MacBook-Air.local" failures="0" tests="1" name="testcases.CredifyTestCase" time="7.443" errors="0" timestamp="2020-12-13T22:10:56 EST" skipped="0">
  <testcase classname="testcases.CredifyTestCase" name="verifyHomePageTitleTest" time="7.443"/>
  <system-out/>
</testsuite> <!-- testcases.CredifyTestCase -->
